<?xml version="1.0" encoding="UTF-8"?>
<testng-results ignored="0" total="3" passed="3" failed="0" skipped="0">
  <reporter-output>
  </reporter-output>
  <suite started-at="2022-12-14T16:55:50 IST" name="Default suite" finished-at="2022-12-14T16:56:12 IST" duration-ms="22215">
    <groups>
    </groups>
    <test started-at="2022-12-14T16:55:50 IST" name="Default test" finished-at="2022-12-14T16:56:12 IST" duration-ms="22215">
      <class name="multibrowser.TestCase1">
        <test-method signature="incorrectPassword()[pri:0, instance:multibrowser.TestCase1@342c38f8]" started-at="2022-12-14T16:55:50 IST" name="incorrectPassword" finished-at="2022-12-14T16:55:57 IST" duration-ms="7119" status="PASS">
          <reporter-output>
          </reporter-output>
        </test-method> <!-- incorrectPassword -->
        <test-method signature="incorrectPhone()[pri:0, instance:multibrowser.TestCase1@342c38f8]" started-at="2022-12-14T16:55:57 IST" name="incorrectPhone" finished-at="2022-12-14T16:56:02 IST" duration-ms="5299" status="PASS">
          <reporter-output>
          </reporter-output>
        </test-method> <!-- incorrectPhone -->
        <test-method signature="successfulLogin()[pri:0, instance:multibrowser.TestCase1@342c38f8]" started-at="2022-12-14T16:56:02 IST" name="successfulLogin" finished-at="2022-12-14T16:56:12 IST" duration-ms="9758" status="PASS">
          <reporter-output>
          </reporter-output>
        </test-method> <!-- successfulLogin -->
      </class> <!-- multibrowser.TestCase1 -->
    </test> <!-- Default test -->
  </suite> <!-- Default suite -->
</testng-results>
