<?xml version="1.0" encoding="UTF-8"?>
<!-- Generated by org.testng.reporters.JUnitXMLReporter -->
<testsuite ignored="0" hostname="sanketlaptop-Latitude-3520" failures="0" tests="3" name="Default test" time="22.215" errors="0" timestamp="2022-12-14T16:56:12 IST">
  <testcase classname="multibrowser.TestCase1" name="incorrectPassword" time="7.119"/>
  <testcase classname="multibrowser.TestCase1" name="incorrectPhone" time="5.299"/>
  <testcase classname="multibrowser.TestCase1" name="successfulLogin" time="9.758"/>
</testsuite> <!-- Default test -->
